commit 7af63f60e807263634daf8e1b2ab40978a98edfd
Author: Tipparat Umrod <tipparat.umrod@utexas.edu>
Date:   Tue Jun 23 21:37:39 2015 -0500

    debug Travis CI

commit c04b49b257a67fd15a454c8e4d96e72bfa72fa60
Author: Tipparat Umrod <tipparat.umrod@utexas.edu>
Date:   Tue Jun 23 21:22:49 2015 -0500

    create log closed #10

commit 40c56f32ef0bb97c284ca8dc6bc1d2c81f8484c7
Author: Tipparat Umrod <tipparat.umrod@utexas.edu>
Date:   Tue Jun 23 21:08:26 2015 -0500

    create pydoc closed #9

commit 730dc965f50a95a00e88576243b1a1132dfe1fad
Author: Tipparat Umrod <tipparat.umrod@utexas.edu>
Date:   Tue Jun 23 20:43:15 2015 -0500

    RMSE debugging fixed #18 #17

commit b4325160f17aadf035c5e0ca7b11b5671ec4835e
Author: Tipparat Umrod <tipparat.umrod@utexas.edu>
Date:   Tue Jun 23 18:28:06 2015 -0500

    closed #8 #12 #13 #14

commit e2291fde11323ba9b4e0ec61e9dc885804dc91d0
Author: tumrod <tipparat.umrod@utexas.edu>
Date:   Tue Jun 23 16:22:46 2015 -0500

    RMSE: 0.99

commit 105ef87dbe9add580a965c8d838dbe56509785cd
Author: Tipparat Umrod <tipparat.umrod@utexas.edu>
Date:   Tue Jun 23 12:52:12 2015 -0500

    implement simple solution closed #5

commit 69bb5326c76cede3e176f08bd1d7e5d305d9f8a3
Author: Tipparat Umrod <tipparat.umrod@utexas.edu>
Date:   Sat Jun 20 22:20:18 2015 -0500

    write test cases, expected failure closes #4

commit 7f656e3117cdef7327c89de66c5566bc44dedead
Author: Tipparat Umrod <tipparat.umrod@utexas.edu>
Date:   Sat Jun 20 22:11:31 2015 -0500

    write unit test closed #4

commit 6ab86f8b852fb754fb5368727c85628c3af933e3
Author: Tipparat Umrod <tipparat.umrod@utexas.edu>
Date:   Sat Jun 20 21:53:23 2015 -0500

    input/output fixed #11 fixed #15

commit 4620a4b844b4d9b636e4a34897cde2939fe258f1
Author: tumrod <tipparat.umrod@utexas.edu>
Date:   Sat Jun 20 21:04:20 2015 -0500

    parsing input file

commit afbe0b3676b9847953d48b5afc9ca787fd47072b
Author: tumrod <tipparat.umrod@utexas.edu>
Date:   Sat Jun 20 20:31:55 2015 -0500

    edited makefile

commit 432a75aa123bd70cdf08328434da7c995f49b456
Author: tumrod <tipparat.umrod@utexas.edu>
Date:   Sat Jun 20 20:25:29 2015 -0500

    edited test cases

commit dbe69c6c3688e15f59980e0ba1cdfc19dadf25a9
Author: tumrod <tipparat.umrod@utexas.edu>
Date:   Sat Jun 20 20:22:17 2015 -0500

    init all files

commit 86341424fbaddd17f81e5a4f0b66876f66ac9289
Author: tumrod <tumrod@cs.utexas.edu>
Date:   Sat Jun 20 19:27:03 2015 -0500

    first commit
